[0m15:54:29.144399 [debug] [MainThread]: Sending event: {'category': 'dbt', 'action': 'invocation', 'label': 'start', 'context': [<snowplow_tracker.self_describing_json.SelfDescribingJson object at 0x103e61d30>, <snowplow_tracker.self_describing_json.SelfDescribingJson object at 0x104bb7c50>, <snowplow_tracker.self_describing_json.SelfDescribingJson object at 0x104bb7ed0>]}


============================== 15:54:29.146997 | 3bef3ae2-a388-4fdf-8a97-9f2342fe1a86 ==============================
[0m15:54:29.146997 [info ] [MainThread]: Running with dbt=1.9.4
[0m15:54:29.147305 [debug] [MainThread]: running dbt with arguments {'printer_width': '80', 'indirect_selection': 'eager', 'write_json': 'True', 'log_cache_events': 'False', 'partial_parse': 'True', 'cache_selected_only': 'False', 'profiles_dir': '/Users/nguyenxuantruong/.dbt', 'debug': 'False', 'fail_fast': 'False', 'log_path': 'logs', 'warn_error': 'None', 'version_check': 'True', 'use_colors': 'True', 'use_experimental_parser': 'False', 'no_print': 'None', 'quiet': 'False', 'empty': 'None', 'warn_error_options': 'WarnErrorOptions(include=[], exclude=[])', 'static_parser': 'True', 'introspect': 'True', 'log_format': 'default', 'target_path': 'None', 'invocation_command': 'dbt init my_dbt_project', 'send_anonymous_usage_stats': 'True'}
[0m15:54:29.155615 [debug] [MainThread]: Starter project path: /Users/nguyenxuantruong/Desktop/Project/DE-learning-/myenv/lib/python3.13/site-packages/dbt/include/starter_project
[0m15:54:29.159093 [info ] [MainThread]: 
Your new dbt project "my_dbt_project" was created!

For more information on how to configure the profiles.yml file,
please consult the dbt documentation here:

  https://docs.getdbt.com/docs/configure-your-profile

One more thing:

Need help? Don't hesitate to reach out to us via GitHub issues or on Slack:

  https://community.getdbt.com/

Happy modeling!

[0m15:54:29.159250 [info ] [MainThread]: Setting up your profile.
[0m15:56:21.560767 [info ] [MainThread]: Profile my_dbt_project written to /Users/nguyenxuantruong/.dbt/profiles.yml using target's profile_template.yml and your supplied values. Run 'dbt debug' to validate the connection.
[0m15:56:21.573133 [debug] [MainThread]: Resource report: {"command_name": "init", "command_success": true, "command_wall_clock_time": 112.461655, "process_in_blocks": "0", "process_kernel_time": 0.095542, "process_mem_max_rss": "106217472", "process_out_blocks": "0", "process_user_time": 0.616453}
[0m15:56:21.574045 [debug] [MainThread]: Command `dbt init` succeeded at 15:56:21.573872 after 112.46 seconds
[0m15:56:21.574602 [debug] [MainThread]: Sending event: {'category': 'dbt', 'action': 'invocation', 'label': 'end', 'context': [<snowplow_tracker.self_describing_json.SelfDescribingJson object at 0x104cde520>, <snowplow_tracker.self_describing_json.SelfDescribingJson object at 0x1046be9f0>, <snowplow_tracker.self_describing_json.SelfDescribingJson object at 0x104ce06b0>]}
[0m15:56:21.575131 [debug] [MainThread]: Flushing usage events
[0m15:56:23.040173 [debug] [MainThread]: An error was encountered while trying to flush usage events
